Command line:
   calculator_implementacja_calculator_implementacja_sch_tb_isim_beh.exe
     -simmode  gui
     -simrunnum  0
     -socket  54352

Wed May 15 18:52:53 2024


 Elaboration Time: 0.0625 sec

 Current Memory Usage: 5150.19 Meg

 Total Signals          : 139
 Total Nets             : 214
 Total Signal Drivers   : 50
 Total Blocks           : 20
 Total Primitive Blocks : 15
 Total Processes        : 50
 Total Traceable Variables  : 44
 Total Scalar Nets and Variables : 1080
Total Line Count : 215
Total Line Count : 215
Total Line Count : 215

 Total Simulation Time: 1.07813 sec

 Current Memory Usage: 4992.91 Meg

Wed May 15 18:54:10 2024

