Command line:
   divider_50MHz_to_115200Hz_isim_beh.exe
     -simmode  gui
     -simrunnum  0
     -socket  53327

Thu Mar 14 19:42:53 2024


 Elaboration Time: 0.03125 sec

 Current Memory Usage: 5150.56 Meg

 Total Signals          : 4
 Total Nets             : 19
 Total Signal Drivers   : 2
 Total Blocks           : 3
 Total Primitive Blocks : 3
 Total Processes        : 2
 Total Traceable Variables  : 15
 Total Scalar Nets and Variables : 525
Total Line Count : 8
Total Line Count : 8
Total Line Count : 8

 Total Simulation Time: 0.140625 sec

 Current Memory Usage: 4993.28 Meg

Thu Mar 14 19:44:33 2024

