Release 14.7 - xst P.20131013 (nt64)
Copyright (c) 1995-2013 Xilinx, Inc.  All rights reserved.
--> Parameter TMPDIR set to xst/projnav.tmp


Total REAL time to Xst completion: 0.00 secs
Total CPU time to Xst completion: 0.16 secs
 
--> Parameter xsthdpdir set to xst


Total REAL time to Xst completion: 0.00 secs
Total CPU time to Xst completion: 0.16 secs
 
--> Reading design: calculator_implementacja.prj

TABLE OF CONTENTS
  1) Synthesis Options Summary
  2) HDL Compilation
  3) Design Hierarchy Analysis
  4) HDL Analysis
  5) HDL Synthesis
     5.1) HDL Synthesis Report
  6) Advanced HDL Synthesis
     6.1) Advanced HDL Synthesis Report
  7) Low Level Synthesis
  8) Partition Report
  9) Final Report
	9.1) Device utilization summary
	9.2) Partition Resource Summary
	9.3) TIMING REPORT


=========================================================================
*                      Synthesis Options Summary                        *
=========================================================================
---- Source Parameters
Input File Name                    : "calculator_implementacja.prj"
Input Format                       : mixed
Ignore Synthesis Constraint File   : NO

---- Target Parameters
Output File Name                   : "calculator_implementacja"
Output Format                      : NGC
Target Device                      : xc3s500e-4-fg320

---- Source Options
Top Module Name                    : calculator_implementacja
Automatic FSM Extraction           : YES
FSM Encoding Algorithm             : Auto
Safe Implementation                : No
FSM Style                          : LUT
RAM Extraction                     : Yes
RAM Style                          : Auto
ROM Extraction                     : Yes
Mux Style                          : Auto
Decoder Extraction                 : YES
Priority Encoder Extraction        : Yes
Shift Register Extraction          : YES
Logical Shifter Extraction         : YES
XOR Collapsing                     : YES
ROM Style                          : Auto
Mux Extraction                     : Yes
Resource Sharing                   : YES
Asynchronous To Synchronous        : NO
Multiplier Style                   : Auto
Automatic Register Balancing       : No

---- Target Options
Add IO Buffers                     : YES
Global Maximum Fanout              : 100000
Add Generic Clock Buffer(BUFG)     : 24
Register Duplication               : YES
Slice Packing                      : YES
Optimize Instantiated Primitives   : NO
Use Clock Enable                   : Yes
Use Synchronous Set                : Yes
Use Synchronous Reset              : Yes
Pack IO Registers into IOBs        : Auto
Equivalent register Removal        : YES

---- General Options
Optimization Goal                  : Speed
Optimization Effort                : 1
Keep Hierarchy                     : No
Netlist Hierarchy                  : As_Optimized
RTL Output                         : Yes
Global Optimization                : AllClockNets
Read Cores                         : YES
Write Timing Constraints           : NO
Cross Clock Analysis               : NO
Hierarchy Separator                : /
Bus Delimiter                      : <>
Case Specifier                     : Maintain
Slice Utilization Ratio            : 100
BRAM Utilization Ratio             : 100
Verilog 2001                       : YES
Auto BRAM Packing                  : NO
Slice Utilization Ratio Delta      : 5

=========================================================================


=========================================================================
*                          HDL Compilation                              *
=========================================================================
Compiling vhdl file "C:/Users/Dawid/Desktop/calculator-with-rs232/rs232/modulo10_counter.vhd" in Library work.
Entity <modulo10_counter> compiled.
Entity <modulo10_counter> (Architecture <Behavioral>) compiled.
Compiling vhdl file "C:/Users/Dawid/Desktop/calculator-with-rs232/rs232/divider_50MHz_to_115200Hz.vhd" in Library work.
Entity <divider_50MHz_to_115200Hz> compiled.
Entity <divider_50MHz_to_115200Hz> (Architecture <Behavioral>) compiled.
Compiling vhdl file "C:/Users/Dawid/Desktop/calculator-with-rs232/rs232/sent_digits_counter.vhd" in Library work.
Entity <sent_digits_counter> compiled.
Entity <sent_digits_counter> (Architecture <Behavioral>) compiled.
Compiling vhdl file "C:/Users/Dawid/Desktop/calculator-with-rs232/rs232/register_2_synchronized.vhd" in Library work.
Entity <register_2_synchronized> compiled.
Entity <register_2_synchronized> (Architecture <Behavioral>) compiled.
Compiling vhdl file "C:/Users/Dawid/Desktop/calculator-with-rs232/rs232/ascii_to_calc_symbol.vhd" in Library work.
Entity <ascii_to_calc_symbol> compiled.
Entity <ascii_to_calc_symbol> (Architecture <Behavioral>) compiled.
Compiling vhdl file "C:/Users/Dawid/Desktop/calculator-with-rs232/rs232/output_transcoder.vhd" in Library work.
Entity <output_transcoder> compiled.
Entity <output_transcoder> (Architecture <Behavioral>) compiled.
Compiling vhdl file "C:/Users/Dawid/Desktop/calculator-with-rs232/rs232/register_12_synchronized.vhd" in Library work.
Entity <register_12_synchronized> compiled.
Entity <register_12_synchronized> (Architecture <Behavioral>) compiled.
Compiling vhdl file "C:/Users/Dawid/Desktop/calculator-with-rs232/rs232/rs232_receiver.vhd" in Library work.
Entity <rs232_receiver> compiled.
Entity <rs232_receiver> (Architecture <Behavioral>) compiled.
Compiling vhdl file "C:/Users/Dawid/Desktop/calculator-with-rs232/rs232/calculator.vhd" in Library work.
Entity <calculator> compiled.
Entity <calculator> (Architecture <Behavioral>) compiled.
Compiling vhdl file "C:/Users/Dawid/Desktop/calculator-with-rs232/rs232/rs232_transmitter.vhd" in Library work.
Entity <rs232_transmitter> compiled.
Entity <rs232_transmitter> (Architecture <Behavioral>) compiled.
Compiling vhdl file "C:/Users/Dawid/Desktop/calculator-with-rs232/rs232/impulse_generator.vhd" in Library work.
Entity <impulse_generator> compiled.
Entity <impulse_generator> (Architecture <Behavioral>) compiled.
Compiling vhdl file "C:/Users/Dawid/Desktop/calculator-with-rs232/rs232/calculator_implementacja.vhf" in Library work.
Entity <calculator_implementacja> compiled.
Entity <calculator_implementacja> (Architecture <BEHAVIORAL>) compiled.

=========================================================================
*                     Design Hierarchy Analysis                         *
=========================================================================
Analyzing hierarchy for entity <calculator_implementacja> in library <work> (architecture <BEHAVIORAL>).

Analyzing hierarchy for entity <rs232_receiver> in library <work> (architecture <Behavioral>).

Analyzing hierarchy for entity <calculator> in library <work> (architecture <Behavioral>).

Analyzing hierarchy for entity <rs232_transmitter> in library <work> (architecture <Behavioral>).

Analyzing hierarchy for entity <impulse_generator> in library <work> (architecture <Behavioral>).

Analyzing hierarchy for entity <modulo10_counter> in library <work> (architecture <Behavioral>).

Analyzing hierarchy for entity <divider_50MHz_to_115200Hz> in library <work> (architecture <Behavioral>).

Analyzing hierarchy for entity <sent_digits_counter> in library <work> (architecture <Behavioral>).

Analyzing hierarchy for entity <register_2_synchronized> in library <work> (architecture <Behavioral>).

Analyzing hierarchy for entity <ascii_to_calc_symbol> in library <work> (architecture <Behavioral>).

Analyzing hierarchy for entity <output_transcoder> in library <work> (architecture <Behavioral>).

Analyzing hierarchy for entity <register_12_synchronized> in library <work> (architecture <Behavioral>).


=========================================================================
*                            HDL Analysis                               *
=========================================================================
Analyzing Entity <calculator_implementacja> in library <work> (Architecture <BEHAVIORAL>).
Entity <calculator_implementacja> analyzed. Unit <calculator_implementacja> generated.

Analyzing Entity <rs232_receiver> in library <work> (Architecture <Behavioral>).
Entity <rs232_receiver> analyzed. Unit <rs232_receiver> generated.

Analyzing Entity <modulo10_counter> in library <work> (Architecture <Behavioral>).
Entity <modulo10_counter> analyzed. Unit <modulo10_counter> generated.

Analyzing Entity <divider_50MHz_to_115200Hz> in library <work> (Architecture <Behavioral>).
Entity <divider_50MHz_to_115200Hz> analyzed. Unit <divider_50MHz_to_115200Hz> generated.

Analyzing Entity <calculator> in library <work> (Architecture <Behavioral>).
Entity <calculator> analyzed. Unit <calculator> generated.

Analyzing Entity <sent_digits_counter> in library <work> (Architecture <Behavioral>).
Entity <sent_digits_counter> analyzed. Unit <sent_digits_counter> generated.

Analyzing Entity <register_2_synchronized> in library <work> (Architecture <Behavioral>).
Entity <register_2_synchronized> analyzed. Unit <register_2_synchronized> generated.

Analyzing Entity <ascii_to_calc_symbol> in library <work> (Architecture <Behavioral>).
Entity <ascii_to_calc_symbol> analyzed. Unit <ascii_to_calc_symbol> generated.

Analyzing Entity <output_transcoder> in library <work> (Architecture <Behavioral>).
Entity <output_transcoder> analyzed. Unit <output_transcoder> generated.

Analyzing Entity <register_12_synchronized> in library <work> (Architecture <Behavioral>).
Entity <register_12_synchronized> analyzed. Unit <register_12_synchronized> generated.

Analyzing Entity <rs232_transmitter> in library <work> (Architecture <Behavioral>).
Entity <rs232_transmitter> analyzed. Unit <rs232_transmitter> generated.

Analyzing Entity <impulse_generator> in library <work> (Architecture <Behavioral>).
Entity <impulse_generator> analyzed. Unit <impulse_generator> generated.


=========================================================================
*                           HDL Synthesis                               *
=========================================================================

Performing bidirectional port resolution...

Synthesizing Unit <impulse_generator>.
    Related source file is "C:/Users/Dawid/Desktop/calculator-with-rs232/rs232/impulse_generator.vhd".
    Found 1-bit register for signal <current_state<0>>.
    Found 1-bit register for signal <internal_output_impulse>.
    Summary:
	inferred   2 D-type flip-flop(s).
Unit <impulse_generator> synthesized.


Synthesizing Unit <modulo10_counter>.
    Related source file is "C:/Users/Dawid/Desktop/calculator-with-rs232/rs232/modulo10_counter.vhd".
    Found 4-bit up counter for signal <i>.
    Summary:
	inferred   1 Counter(s).
Unit <modulo10_counter> synthesized.


Synthesizing Unit <divider_50MHz_to_115200Hz>.
    Related source file is "C:/Users/Dawid/Desktop/calculator-with-rs232/rs232/divider_50MHz_to_115200Hz.vhd".
    Found 16-bit register for signal <ticks_counter>.
    Found 15-bit adder for signal <ticks_counter_14_0$add0000> created at line 58.
    Found 15-bit comparator greater for signal <ticks_counter_15$cmp_gt0000> created at line 55.
    Summary:
	inferred  16 D-type flip-flop(s).
	inferred   1 Adder/Subtractor(s).
	inferred   1 Comparator(s).
Unit <divider_50MHz_to_115200Hz> synthesized.


Synthesizing Unit <sent_digits_counter>.
    Related source file is "C:/Users/Dawid/Desktop/calculator-with-rs232/rs232/sent_digits_counter.vhd".
    Found 2-bit up counter for signal <i>.
    Summary:
	inferred   1 Counter(s).
Unit <sent_digits_counter> synthesized.


Synthesizing Unit <register_2_synchronized>.
    Related source file is "C:/Users/Dawid/Desktop/calculator-with-rs232/rs232/register_2_synchronized.vhd".
    Found 2-bit register for signal <data_register>.
    Summary:
	inferred   2 D-type flip-flop(s).
Unit <register_2_synchronized> synthesized.


Synthesizing Unit <ascii_to_calc_symbol>.
    Related source file is "C:/Users/Dawid/Desktop/calculator-with-rs232/rs232/ascii_to_calc_symbol.vhd".
Unit <ascii_to_calc_symbol> synthesized.


Synthesizing Unit <output_transcoder>.
    Related source file is "C:/Users/Dawid/Desktop/calculator-with-rs232/rs232/output_transcoder.vhd".
    Found 16x8-bit ROM for signal <ascii_output>.
    Summary:
	inferred   1 ROM(s).
Unit <output_transcoder> synthesized.


Synthesizing Unit <register_12_synchronized>.
    Related source file is "C:/Users/Dawid/Desktop/calculator-with-rs232/rs232/register_12_synchronized.vhd".
    Found 12-bit register for signal <data_register>.
    Summary:
	inferred  12 D-type flip-flop(s).
Unit <register_12_synchronized> synthesized.


Synthesizing Unit <rs232_receiver>.
    Related source file is "C:/Users/Dawid/Desktop/calculator-with-rs232/rs232/rs232_receiver.vhd".
    Found 1-bit register for signal <current_state<0>>.
    Found 8-bit register for signal <data_register>.
    Summary:
	inferred   9 D-type flip-flop(s).
Unit <rs232_receiver> synthesized.


Synthesizing Unit <calculator>.
    Related source file is "C:/Users/Dawid/Desktop/calculator-with-rs232/rs232/calculator.vhd".
    Found finite state machine <FSM_0> for signal <current_state>.
    -----------------------------------------------------------------------
    | States             | 5                                              |
    | Transitions        | 24                                             |
    | Inputs             | 7                                              |
    | Outputs            | 10                                             |
    | Clock              | clock                     (rising_edge)        |
    | Reset              | reset                     (positive)           |
    | Reset type         | synchronous                                    |
    | Reset State        | idle                                           |
    | Power Up State     | idle                                           |
    | Encoding           | automatic                                      |
    | Implementation     | LUT                                            |
    -----------------------------------------------------------------------
    Found 12-bit adder for signal <$add0000> created at line 271.
    Found 12-bit subtractor for signal <$sub0000> created at line 273.
    Found 12-bit register for signal <result_register>.
    Summary:
	inferred   1 Finite State Machine(s).
	inferred  12 D-type flip-flop(s).
	inferred   2 Adder/Subtractor(s).
Unit <calculator> synthesized.


Synthesizing Unit <rs232_transmitter>.
    Related source file is "C:/Users/Dawid/Desktop/calculator-with-rs232/rs232/rs232_transmitter.vhd".
    Found 1-bit register for signal <current_state<0>>.
    Found 10-bit register for signal <data_register>.
    Summary:
	inferred  11 D-type flip-flop(s).
Unit <rs232_transmitter> synthesized.


Synthesizing Unit <calculator_implementacja>.
    Related source file is "C:/Users/Dawid/Desktop/calculator-with-rs232/rs232/calculator_implementacja.vhf".
Unit <calculator_implementacja> synthesized.


=========================================================================
HDL Synthesis Report

Macro Statistics
# ROMs                                                 : 1
 16x8-bit ROM                                          : 1
# Adders/Subtractors                                   : 4
 12-bit adder                                          : 1
 12-bit subtractor                                     : 1
 15-bit adder                                          : 2
# Counters                                             : 3
 2-bit up counter                                      : 1
 4-bit up counter                                      : 2
# Registers                                            : 62
 1-bit register                                        : 58
 12-bit register                                       : 2
 2-bit register                                        : 1
 8-bit register                                        : 1
# Comparators                                          : 2
 15-bit comparator greater                             : 2

=========================================================================

=========================================================================
*                       Advanced HDL Synthesis                          *
=========================================================================

Analyzing FSM <FSM_0> for best encoding.
Optimizing FSM <XLXI_4/current_state/FSM> on signal <current_state[1:3]> with gray encoding.
------------------------
 State      | Encoding
------------------------
 idle       | 000
 argument_1 | 001
 operator   | 011
 argument_2 | 010
 sending    | 110
------------------------
WARNING:Xst:1293 - FF/Latch <data_register_9> has a constant value of 1 in block <XLXI_7>. This FF/Latch will be trimmed during the optimization process.

=========================================================================
Advanced HDL Synthesis Report

Macro Statistics
# FSMs                                                 : 1
# ROMs                                                 : 1
 16x8-bit ROM                                          : 1
# Adders/Subtractors                                   : 4
 12-bit adder                                          : 1
 12-bit subtractor                                     : 1
 15-bit adder                                          : 2
# Counters                                             : 3
 2-bit up counter                                      : 1
 4-bit up counter                                      : 2
# Registers                                            : 92
 Flip-Flops                                            : 92
# Comparators                                          : 2
 15-bit comparator greater                             : 2

=========================================================================

=========================================================================
*                         Low Level Synthesis                           *
=========================================================================
WARNING:Xst:1293 - FF/Latch <data_register_9> has a constant value of 1 in block <rs232_transmitter>. This FF/Latch will be trimmed during the optimization process.

Optimizing unit <calculator_implementacja> ...

Optimizing unit <rs232_receiver> ...

Optimizing unit <calculator> ...

Optimizing unit <rs232_transmitter> ...

Mapping all equations...
Building and optimizing final netlist ...
Found area constraint ratio of 100 (+ 5) on block calculator_implementacja, actual ratio is 2.

Final Macro Processing ...

=========================================================================
Final Register Report

Macro Statistics
# Registers                                            : 104
 Flip-Flops                                            : 104

=========================================================================

=========================================================================
*                           Partition Report                            *
=========================================================================

Partition Implementation Status
-------------------------------

  No Partitions were found in this design.

-------------------------------

=========================================================================
*                            Final Report                               *
=========================================================================
Final Results
RTL Top Level Output File Name     : calculator_implementacja.ngr
Top Level Output File Name         : calculator_implementacja
Output Format                      : NGC
Optimization Goal                  : Speed
Keep Hierarchy                     : No

Design Statistics
# IOs                              : 4

Cell Usage :
# BELS                             : 323
#      GND                         : 1
#      INV                         : 24
#      LUT1                        : 22
#      LUT2                        : 61
#      LUT3                        : 23
#      LUT3_D                      : 1
#      LUT3_L                      : 1
#      LUT4                        : 60
#      LUT4_D                      : 2
#      LUT4_L                      : 1
#      MUXCY                       : 64
#      MUXF5                       : 8
#      VCC                         : 1
#      XORCY                       : 54
# FlipFlops/Latches                : 104
#      FD                          : 1
#      FDC                         : 8
#      FDCP_1                      : 12
#      FDCPE                       : 9
#      FDE_1                       : 8
#      FDR                         : 35
#      FDRE                        : 28
#      FDRS                        : 1
#      FDSE                        : 2
# Clock Buffers                    : 1
#      BUFGP                       : 1
# IO Buffers                       : 3
#      IBUF                        : 2
#      OBUF                        : 1
=========================================================================

Device utilization summary:
---------------------------

Selected Device : 3s500efg320-4 

 Number of Slices:                      102  out of   4656     2%  
 Number of Slice Flip Flops:            104  out of   9312     1%  
 Number of 4 input LUTs:                195  out of   9312     2%  
 Number of IOs:                           4
 Number of bonded IOBs:                   4  out of    232     1%  
 Number of GCLKs:                         1  out of     24     4%  

---------------------------
Partition Resource Summary:
---------------------------

  No Partitions were found in this design.

---------------------------


=========================================================================
TIMING REPORT

NOTE: THESE TIMING NUMBERS ARE ONLY A SYNTHESIS ESTIMATE.
      FOR ACCURATE TIMING INFORMATION PLEASE REFER TO THE TRACE REPORT
      GENERATED AFTER PLACE-and-ROUTE.

Clock Information:
------------------
-------------------------------------+----------------------------------+-------+
Clock Signal                         | Clock buffer(FF name)            | Load  |
-------------------------------------+----------------------------------+-------+
clock                                | BUFGP                            | 67    |
XLXI_2/clock_divider/ticks_counter_15| NONE(XLXI_2/counter/i_3)         | 12    |
send(XLXI_4/int_send_f5:O)           | NONE(*)(XLXI_4/result_register_1)| 12    |
XLXI_7/clock_divider/ticks_counter_15| NONE(XLXI_7/counter/i_3)         | 13    |
-------------------------------------+----------------------------------+-------+
(*) This 1 clock signal(s) are generated by combinatorial logic,
and XST is not able to identify which are the primary clock signals.
Please use the CLOCK_SIGNAL constraint to specify the clock signal(s) generated by combinatorial logic.
INFO:Xst:2169 - HDL ADVISOR - Some clock signals were not automatically buffered by XST with BUFG/BUFR resources. Please use the buffer_type constraint in order to insert these buffers to the clock signals to help prevent skew problems.

Asynchronous Control Signals Information:
----------------------------------------
-------------------------------------------------------------------------+--------------------------------+-------+
Control Signal                                                           | Buffer(FF name)                | Load  |
-------------------------------------------------------------------------+--------------------------------+-------+
XLXI_2/clock_divider/enable_inv(XLXI_2/clock_divider/enable_inv1_INV_0:O)| NONE(XLXI_2/counter/i_0)       | 4     |
XLXI_7/clock_divider/enable_inv(XLXI_7/clock_divider/enable_inv1_INV_0:O)| NONE(XLXI_7/counter/i_0)       | 4     |
XLXI_7/data_register_0_and0000(XLXI_7/data_register_1_and000011:O)       | NONE(XLXI_7/data_register_0)   | 2     |
reset                                                                    | IBUF                           | 2     |
N0(XST_GND:G)                                                            | NONE(XLXI_7/data_register_6)   | 1     |
XLXI_4/result_register_0_and0000(XLXI_4/result_register_0_and00001:O)    | NONE(XLXI_4/result_register_0) | 1     |
XLXI_4/result_register_0_and0001(XLXI_4/result_register_0_and00011:O)    | NONE(XLXI_4/result_register_0) | 1     |
XLXI_4/result_register_10_and0000(XLXI_4/result_register_10_and00001:O)  | NONE(XLXI_4/result_register_10)| 1     |
XLXI_4/result_register_10_and0001(XLXI_4/result_register_10_and00011:O)  | NONE(XLXI_4/result_register_10)| 1     |
XLXI_4/result_register_11_and0000(XLXI_4/result_register_11_and00001:O)  | NONE(XLXI_4/result_register_11)| 1     |
XLXI_4/result_register_11_and0001(XLXI_4/result_register_11_and00011:O)  | NONE(XLXI_4/result_register_11)| 1     |
XLXI_4/result_register_1_and0000(XLXI_4/result_register_1_and00001:O)    | NONE(XLXI_4/result_register_1) | 1     |
XLXI_4/result_register_1_and0001(XLXI_4/result_register_1_and00011:O)    | NONE(XLXI_4/result_register_1) | 1     |
XLXI_4/result_register_2_and0000(XLXI_4/result_register_2_and00001:O)    | NONE(XLXI_4/result_register_2) | 1     |
XLXI_4/result_register_2_and0001(XLXI_4/result_register_2_and00011:O)    | NONE(XLXI_4/result_register_2) | 1     |
XLXI_4/result_register_3_and0000(XLXI_4/result_register_3_and00001:O)    | NONE(XLXI_4/result_register_3) | 1     |
XLXI_4/result_register_3_and0001(XLXI_4/result_register_3_and00011:O)    | NONE(XLXI_4/result_register_3) | 1     |
XLXI_4/result_register_4_and0000(XLXI_4/result_register_4_and00001:O)    | NONE(XLXI_4/result_register_4) | 1     |
XLXI_4/result_register_4_and0001(XLXI_4/result_register_4_and00011:O)    | NONE(XLXI_4/result_register_4) | 1     |
XLXI_4/result_register_5_and0000(XLXI_4/result_register_5_and00001:O)    | NONE(XLXI_4/result_register_5) | 1     |
XLXI_4/result_register_5_and0001(XLXI_4/result_register_5_and00011:O)    | NONE(XLXI_4/result_register_5) | 1     |
XLXI_4/result_register_6_and0000(XLXI_4/result_register_6_and00001:O)    | NONE(XLXI_4/result_register_6) | 1     |
XLXI_4/result_register_6_and0001(XLXI_4/result_register_6_and00011:O)    | NONE(XLXI_4/result_register_6) | 1     |
XLXI_4/result_register_7_and0000(XLXI_4/result_register_7_and00001:O)    | NONE(XLXI_4/result_register_7) | 1     |
XLXI_4/result_register_7_and0001(XLXI_4/result_register_7_and00011:O)    | NONE(XLXI_4/result_register_7) | 1     |
XLXI_4/result_register_8_and0000(XLXI_4/result_register_8_and00001:O)    | NONE(XLXI_4/result_register_8) | 1     |
XLXI_4/result_register_8_and0001(XLXI_4/result_register_8_and00011:O)    | NONE(XLXI_4/result_register_8) | 1     |
XLXI_4/result_register_9_and0000(XLXI_4/result_register_9_and00001:O)    | NONE(XLXI_4/result_register_9) | 1     |
XLXI_4/result_register_9_and0001(XLXI_4/result_register_9_and00011:O)    | NONE(XLXI_4/result_register_9) | 1     |
XLXI_7/data_register_1_and0000(XLXI_7/data_register_1_and00001:O)        | NONE(XLXI_7/data_register_1)   | 1     |
XLXI_7/data_register_1_or0000(XLXI_7/data_register_1_or00001:O)          | NONE(XLXI_7/data_register_1)   | 1     |
XLXI_7/data_register_2_and0000(XLXI_7/data_register_2_and00001:O)        | NONE(XLXI_7/data_register_2)   | 1     |
XLXI_7/data_register_2_or0000(XLXI_7/data_register_2_or00001:O)          | NONE(XLXI_7/data_register_2)   | 1     |
XLXI_7/data_register_3_and0000(XLXI_7/data_register_3_and00001:O)        | NONE(XLXI_7/data_register_3)   | 1     |
XLXI_7/data_register_3_or0000(XLXI_7/data_register_3_or00001:O)          | NONE(XLXI_7/data_register_3)   | 1     |
XLXI_7/data_register_4_and0000(XLXI_7/data_register_4_and00001:O)        | NONE(XLXI_7/data_register_4)   | 1     |
XLXI_7/data_register_4_or0000(XLXI_7/data_register_4_or00001:O)          | NONE(XLXI_7/data_register_4)   | 1     |
XLXI_7/data_register_5_and0000(XLXI_7/data_register_5_and00001:O)        | NONE(XLXI_7/data_register_5)   | 1     |
XLXI_7/data_register_5_or0000(XLXI_7/data_register_5_or00001:O)          | NONE(XLXI_7/data_register_5)   | 1     |
XLXI_7/data_register_6_or0000(XLXI_7/data_register_6_or00001:O)          | NONE(XLXI_7/data_register_6)   | 1     |
XLXI_7/data_register_7_and0000(XLXI_7/data_register_7_and00001:O)        | NONE(XLXI_7/data_register_7)   | 1     |
XLXI_7/data_register_7_or0000(XLXI_7/data_register_7_or00001:O)          | NONE(XLXI_7/data_register_7)   | 1     |
-------------------------------------------------------------------------+--------------------------------+-------+

Timing Summary:
---------------
Speed Grade: -4

   Minimum period: 7.775ns (Maximum Frequency: 128.617MHz)
   Minimum input arrival time before clock: 5.370ns
   Maximum output required time after clock: 6.213ns
   Maximum combinational path delay: No path found

Timing Detail:
--------------
All values displayed in nanoseconds (ns)

=========================================================================
Timing constraint: Default period analysis for Clock 'clock'
  Clock period: 7.775ns (frequency: 128.617MHz)
  Total number of paths / destination ports: 823 / 148
-------------------------------------------------------------------------
Delay:               7.775ns (Levels of Logic = 4)
  Source:            XLXI_10/internal_output_impulse (FF)
  Destination:       XLXI_7/current_state_0 (FF)
  Source Clock:      clock rising
  Destination Clock: clock rising

  Data Path: XLXI_10/internal_output_impulse to XLXI_7/current_state_0
                                Gate     Net
    Cell:in->out      fanout   Delay   Delay  Logical Name (Net Name)
    ----------------------------------------  ------------
     FDR:C->Q              8   0.591   0.792  XLXI_10/internal_output_impulse (XLXI_10/internal_output_impulse)
     LUT3:I2->O            1   0.704   0.424  XLXI_4/current_state_FSM_FFd1-In_SW1 (N14)
     LUT4:I3->O            2   0.704   0.447  XLXI_4/current_state_FSM_FFd1-In (XLXI_4/current_state_cmp_eq0007)
     MUXF5:S->O           25   0.739   1.339  XLXI_4/int_send_f5 (send)
     LUT2:I1->O            1   0.704   0.420  XLXI_7/next_state_0_mux000011 (XLXI_7/N1)
     FDRS:S                    0.911          XLXI_7/current_state_0
    ----------------------------------------
    Total                      7.775ns (4.353ns logic, 3.422ns route)
                                       (56.0% logic, 44.0% route)

=========================================================================
Timing constraint: Default period analysis for Clock 'XLXI_2/clock_divider/ticks_counter_15'
  Clock period: 6.626ns (frequency: 150.921MHz)
  Total number of paths / destination ports: 49 / 19
-------------------------------------------------------------------------
Delay:               3.313ns (Levels of Logic = 1)
  Source:            XLXI_2/counter/i_3 (FF)
  Destination:       XLXI_2/data_register_7 (FF)
  Source Clock:      XLXI_2/clock_divider/ticks_counter_15 rising
  Destination Clock: XLXI_2/clock_divider/ticks_counter_15 falling

  Data Path: XLXI_2/counter/i_3 to XLXI_2/data_register_7
                                Gate     Net
    Cell:in->out      fanout   Delay   Delay  Logical Name (Net Name)
    ----------------------------------------  ------------
     FDC:C->Q              3   0.591   0.706  XLXI_2/counter/i_3 (XLXI_2/counter/i_3)
     LUT4:I0->O            8   0.704   0.757  XLXI_2/data_register_not00011 (XLXI_2/data_register_not0001)
     FDE_1:CE                  0.555          XLXI_2/data_register_0
    ----------------------------------------
    Total                      3.313ns (1.850ns logic, 1.463ns route)
                                       (55.8% logic, 44.2% route)

=========================================================================
Timing constraint: Default period analysis for Clock 'send'
  Clock period: 1.319ns (frequency: 758.150MHz)
  Total number of paths / destination ports: 8 / 8
-------------------------------------------------------------------------
Delay:               1.319ns (Levels of Logic = 0)
  Source:            XLXI_4/result_register_5 (FF)
  Destination:       XLXI_4/result_register_1 (FF)
  Source Clock:      send falling
  Destination Clock: send falling

  Data Path: XLXI_4/result_register_5 to XLXI_4/result_register_1
                                Gate     Net
    Cell:in->out      fanout   Delay   Delay  Logical Name (Net Name)
    ----------------------------------------  ------------
     FDCP_1:C->Q           1   0.591   0.420  XLXI_4/result_register_5 (XLXI_4/result_register_5)
     FDCP_1:D                  0.308          XLXI_4/result_register_1
    ----------------------------------------
    Total                      1.319ns (0.899ns logic, 0.420ns route)
                                       (68.2% logic, 31.8% route)

=========================================================================
Timing constraint: Default period analysis for Clock 'XLXI_7/clock_divider/ticks_counter_15'
  Clock period: 2.656ns (frequency: 376.506MHz)
  Total number of paths / destination ports: 18 / 12
-------------------------------------------------------------------------
Delay:               2.656ns (Levels of Logic = 1)
  Source:            XLXI_7/counter/i_0 (FF)
  Destination:       XLXI_7/counter/i_0 (FF)
  Source Clock:      XLXI_7/clock_divider/ticks_counter_15 rising
  Destination Clock: XLXI_7/clock_divider/ticks_counter_15 rising

  Data Path: XLXI_7/counter/i_0 to XLXI_7/counter/i_0
                                Gate     Net
    Cell:in->out      fanout   Delay   Delay  Logical Name (Net Name)
    ----------------------------------------  ------------
     FDC:C->Q              5   0.591   0.633  XLXI_7/counter/i_0 (XLXI_7/counter/i_0)
     INV:I->O              1   0.704   0.420  XLXI_7/counter/Mcount_i_xor<0>11_INV_0 (XLXI_7/Result<0>)
     FDC:D                     0.308          XLXI_7/counter/i_0
    ----------------------------------------
    Total                      2.656ns (1.603ns logic, 1.053ns route)
                                       (60.4% logic, 39.6% route)

=========================================================================
Timing constraint: Default OFFSET IN BEFORE for Clock 'XLXI_2/clock_divider/ticks_counter_15'
  Total number of paths / destination ports: 1 / 1
-------------------------------------------------------------------------
Offset:              1.973ns (Levels of Logic = 1)
  Source:            data_in (PAD)
  Destination:       XLXI_2/data_register_7 (FF)
  Destination Clock: XLXI_2/clock_divider/ticks_counter_15 falling

  Data Path: data_in to XLXI_2/data_register_7
                                Gate     Net
    Cell:in->out      fanout   Delay   Delay  Logical Name (Net Name)
    ----------------------------------------  ------------
     IBUF:I->O             2   1.218   0.447  data_in_IBUF (data_in_IBUF)
     FDE_1:D                   0.308          XLXI_2/data_register_7
    ----------------------------------------
    Total                      1.973ns (1.526ns logic, 0.447ns route)
                                       (77.3% logic, 22.7% route)

=========================================================================
Timing constraint: Default OFFSET IN BEFORE for Clock 'clock'
  Total number of paths / destination ports: 34 / 34
-------------------------------------------------------------------------
Offset:              5.370ns (Levels of Logic = 2)
  Source:            reset (PAD)
  Destination:       XLXI_4/input_register_1/data_register_0 (FF)
  Destination Clock: clock rising

  Data Path: reset to XLXI_4/input_register_1/data_register_0
                                Gate     Net
    Cell:in->out      fanout   Delay   Delay  Logical Name (Net Name)
    ----------------------------------------  ------------
     IBUF:I->O            20   1.218   1.277  reset_IBUF (XLXI_7/data_register_8_or0000)
     LUT4:I0->O           26   0.704   1.260  XLXI_4/reset_registers1 (XLXI_4/reset_registers)
     FDRE:R                    0.911          XLXI_4/operator_register/data_register_0
    ----------------------------------------
    Total                      5.370ns (2.833ns logic, 2.537ns route)
                                       (52.8% logic, 47.2% route)

=========================================================================
Timing constraint: Default OFFSET OUT AFTER for Clock 'clock'
  Total number of paths / destination ports: 1 / 1
-------------------------------------------------------------------------
Offset:              6.213ns (Levels of Logic = 2)
  Source:            XLXI_7/current_state_0 (FF)
  Destination:       data_out (PAD)
  Source Clock:      clock rising

  Data Path: XLXI_7/current_state_0 to data_out
                                Gate     Net
    Cell:in->out      fanout   Delay   Delay  Logical Name (Net Name)
    ----------------------------------------  ------------
     FDRS:C->Q            17   0.591   1.226  XLXI_7/current_state_0 (XLXI_7/current_state_0)
     LUT2:I0->O            1   0.704   0.420  XLXI_7/data_out1 (data_out_OBUF)
     OBUF:I->O                 3.272          data_out_OBUF (data_out)
    ----------------------------------------
    Total                      6.213ns (4.567ns logic, 1.646ns route)
                                       (73.5% logic, 26.5% route)

=========================================================================
Timing constraint: Default OFFSET OUT AFTER for Clock 'XLXI_7/clock_divider/ticks_counter_15'
  Total number of paths / destination ports: 1 / 1
-------------------------------------------------------------------------
Offset:              5.486ns (Levels of Logic = 2)
  Source:            XLXI_7/data_register_0 (FF)
  Destination:       data_out (PAD)
  Source Clock:      XLXI_7/clock_divider/ticks_counter_15 rising

  Data Path: XLXI_7/data_register_0 to data_out
                                Gate     Net
    Cell:in->out      fanout   Delay   Delay  Logical Name (Net Name)
    ----------------------------------------  ------------
     FDCPE:C->Q            1   0.591   0.499  XLXI_7/data_register_0 (XLXI_7/data_register_0)
     LUT2:I1->O            1   0.704   0.420  XLXI_7/data_out1 (data_out_OBUF)
     OBUF:I->O                 3.272          data_out_OBUF (data_out)
    ----------------------------------------
    Total                      5.486ns (4.567ns logic, 0.919ns route)
                                       (83.2% logic, 16.8% route)

=========================================================================


Total REAL time to Xst completion: 8.00 secs
Total CPU time to Xst completion: 8.13 secs
 
--> 

Total memory usage is 4531124 kilobytes

Number of errors   :    0 (   0 filtered)
Number of warnings :    2 (   0 filtered)
Number of infos    :    1 (   0 filtered)

